mode: atomic
github.com/Signal-zxh/signalzxh-blog/service/post.go:31.70,33.2 1 11
github.com/Signal-zxh/signalzxh-blog/service/post.go:35.63,37.25 2 3
github.com/Signal-zxh/signalzxh-blog/service/post.go:37.25,38.19 1 1
github.com/Signal-zxh/signalzxh-blog/service/post.go:38.19,40.4 1 0
github.com/Signal-zxh/signalzxh-blog/service/post.go:41.3,41.19 1 1
github.com/Signal-zxh/signalzxh-blog/service/post.go:44.2,45.16 2 2
github.com/Signal-zxh/signalzxh-blog/service/post.go:45.16,46.37 1 1
github.com/Signal-zxh/signalzxh-blog/service/post.go:46.37,49.4 2 1
github.com/Signal-zxh/signalzxh-blog/service/post.go:50.3,50.27 1 0
github.com/Signal-zxh/signalzxh-blog/service/post.go:53.2,54.18 2 1
github.com/Signal-zxh/signalzxh-blog/service/post.go:57.56,59.25 2 0
github.com/Signal-zxh/signalzxh-blog/service/post.go:59.25,61.3 1 0
github.com/Signal-zxh/signalzxh-blog/service/post.go:63.2,64.16 2 0
github.com/Signal-zxh/signalzxh-blog/service/post.go:64.16,66.3 1 0
github.com/Signal-zxh/signalzxh-blog/service/post.go:68.2,69.19 2 0
github.com/Signal-zxh/signalzxh-blog/service/post.go:72.85,73.14 1 9
github.com/Signal-zxh/signalzxh-blog/service/post.go:73.14,75.3 1 2
github.com/Signal-zxh/signalzxh-blog/service/post.go:76.2,76.18 1 9
github.com/Signal-zxh/signalzxh-blog/service/post.go:76.18,78.3 1 2
github.com/Signal-zxh/signalzxh-blog/service/post.go:79.2,79.20 1 9
github.com/Signal-zxh/signalzxh-blog/service/post.go:79.20,81.3 1 1
github.com/Signal-zxh/signalzxh-blog/service/post.go:83.2,84.25 2 9
github.com/Signal-zxh/signalzxh-blog/service/post.go:84.25,86.17 2 1
github.com/Signal-zxh/signalzxh-blog/service/post.go:86.17,88.4 1 0
github.com/Signal-zxh/signalzxh-blog/service/post.go:89.3,89.27 1 1
github.com/Signal-zxh/signalzxh-blog/service/post.go:92.2,93.16 2 8
github.com/Signal-zxh/signalzxh-blog/service/post.go:93.16,95.3 1 0
github.com/Signal-zxh/signalzxh-blog/service/post.go:97.2,98.16 2 8
github.com/Signal-zxh/signalzxh-blog/service/post.go:98.16,100.3 1 0
github.com/Signal-zxh/signalzxh-blog/service/post.go:102.2,103.26 2 8
github.com/Signal-zxh/signalzxh-blog/service/post.go:106.84,107.37 1 6
github.com/Signal-zxh/signalzxh-blog/service/post.go:107.37,109.3 1 2
github.com/Signal-zxh/signalzxh-blog/service/post.go:111.2,118.16 3 4
github.com/Signal-zxh/signalzxh-blog/service/post.go:118.16,120.3 1 1
github.com/Signal-zxh/signalzxh-blog/service/post.go:122.2,123.16 2 3
github.com/Signal-zxh/signalzxh-blog/service/post.go:126.71,127.37 1 0
github.com/Signal-zxh/signalzxh-blog/service/post.go:127.37,129.3 1 0
github.com/Signal-zxh/signalzxh-blog/service/post.go:131.2,138.16 3 0
github.com/Signal-zxh/signalzxh-blog/service/post.go:138.16,139.43 1 0
github.com/Signal-zxh/signalzxh-blog/service/post.go:139.43,141.4 1 0
github.com/Signal-zxh/signalzxh-blog/service/post.go:142.3,142.13 1 0
github.com/Signal-zxh/signalzxh-blog/service/post.go:145.2,146.12 2 0
github.com/Signal-zxh/signalzxh-blog/service/post.go:149.48,151.16 2 2
github.com/Signal-zxh/signalzxh-blog/service/post.go:151.16,152.43 1 1
github.com/Signal-zxh/signalzxh-blog/service/post.go:152.43,154.4 1 0
github.com/Signal-zxh/signalzxh-blog/service/post.go:155.3,155.13 1 1
github.com/Signal-zxh/signalzxh-blog/service/post.go:158.2,160.12 3 1
github.com/Signal-zxh/signalzxh-blog/service/cache/post.go:33.67,36.16 3 3
github.com/Signal-zxh/signalzxh-blog/service/cache/post.go:36.16,38.3 1 1
github.com/Signal-zxh/signalzxh-blog/service/cache/post.go:40.2,40.21 1 2
github.com/Signal-zxh/signalzxh-blog/service/cache/post.go:40.21,42.3 1 1
github.com/Signal-zxh/signalzxh-blog/service/cache/post.go:44.2,45.59 2 1
github.com/Signal-zxh/signalzxh-blog/service/cache/post.go:45.59,47.3 1 0
github.com/Signal-zxh/signalzxh-blog/service/cache/post.go:48.2,48.24 1 1
github.com/Signal-zxh/signalzxh-blog/service/cache/post.go:51.71,54.16 3 1
github.com/Signal-zxh/signalzxh-blog/service/cache/post.go:54.16,56.3 1 0
github.com/Signal-zxh/signalzxh-blog/service/cache/post.go:57.2,57.60 1 1
github.com/Signal-zxh/signalzxh-blog/service/cache/post.go:60.65,63.2 2 0
github.com/Signal-zxh/signalzxh-blog/service/cache/post.go:65.60,68.16 3 0
github.com/Signal-zxh/signalzxh-blog/service/cache/post.go:68.16,70.3 1 0
github.com/Signal-zxh/signalzxh-blog/service/cache/post.go:72.2,73.60 2 0
github.com/Signal-zxh/signalzxh-blog/service/cache/post.go:73.60,75.3 1 0
github.com/Signal-zxh/signalzxh-blog/service/cache/post.go:76.2,76.25 1 0
github.com/Signal-zxh/signalzxh-blog/service/cache/post.go:79.75,82.16 3 0
github.com/Signal-zxh/signalzxh-blog/service/cache/post.go:82.16,84.3 1 0
github.com/Signal-zxh/signalzxh-blog/service/cache/post.go:85.2,85.60 1 0
github.com/Signal-zxh/signalzxh-blog/service/cache/post.go:88.84,91.16 3 1
github.com/Signal-zxh/signalzxh-blog/service/cache/post.go:91.16,93.3 1 0
github.com/Signal-zxh/signalzxh-blog/service/cache/post.go:95.2,96.60 2 1
github.com/Signal-zxh/signalzxh-blog/service/cache/post.go:96.60,98.3 1 0
github.com/Signal-zxh/signalzxh-blog/service/cache/post.go:99.2,99.25 1 1
github.com/Signal-zxh/signalzxh-blog/service/cache/post.go:102.101,105.16 3 1
github.com/Signal-zxh/signalzxh-blog/service/cache/post.go:105.16,107.3 1 0
github.com/Signal-zxh/signalzxh-blog/service/cache/post.go:108.2,108.60 1 1
github.com/Signal-zxh/signalzxh-blog/service/cache/post.go:111.50,115.19 4 1
github.com/Signal-zxh/signalzxh-blog/service/cache/post.go:115.19,117.3 1 0
github.com/Signal-zxh/signalzxh-blog/service/cache/post.go:118.2,118.12 1 1
github.com/Signal-zxh/signalzxh-blog/service/cache/post.go:121.45,124.19 3 0
github.com/Signal-zxh/signalzxh-blog/service/cache/post.go:124.19,126.3 1 0
github.com/Signal-zxh/signalzxh-blog/service/cache/post.go:127.2,127.12 1 0
